{"/home/master/projects/docapireact/frontend/config/jest/jestEmptyComponent.tsx": {"path":"/home/master/projects/docapireact/frontend/config/jest/jestEmptyComponent.tsx","statementMap":{"0":{"start":{"line":3,"column":27},"end":{"line":5,"column":1}},"1":{"start":{"line":4,"column":4},"end":{"line":4,"column":null}},"2":{"start":{"line":7,"column":0},"end":{"line":7,"column":34}}},"fnMap":{"0":{"name":"(anonymous_0)","decl":{"start":{"line":3,"column":27},"end":{"line":3,"column":null}},"loc":{"start":{"line":3,"column":27},"end":{"line":5,"column":1}}}},"branchMap":{},"s":{"0":1,"1":3,"2":1},"f":{"0":3},"b":{}}
,"/home/master/projects/docapireact/frontend/src/app/providers/ThemeProvider/index.ts": {"path":"/home/master/projects/docapireact/frontend/src/app/providers/ThemeProvider/index.ts","statementMap":{"0":{"start":{"line":1,"column":0},"end":{"line":1,"column":7}},"1":{"start":{"line":6,"column":4},"end":{"line":1,"column":47}},"2":{"start":{"line":2,"column":0},"end":{"line":2,"column":9}},"3":{"start":{"line":7,"column":4},"end":{"line":2,"column":42}},"4":{"start":{"line":3,"column":0},"end":{"line":3,"column":8}},"5":{"start":{"line":8,"column":4},"end":{"line":3,"column":41}}},"fnMap":{"0":{"name":"(anonymous_1)","decl":{"start":{"line":7,"column":4},"end":{"line":7,"column":12}},"loc":{"start":{"line":7,"column":4},"end":{"line":2,"column":42}}},"1":{"name":"(anonymous_2)","decl":{"start":{"line":8,"column":4},"end":{"line":8,"column":9}},"loc":{"start":{"line":8,"column":4},"end":{"line":3,"column":41}}}},"branchMap":{},"s":{"0":1,"1":1,"2":1,"3":4,"4":1,"5":4},"f":{"0":3,"1":3},"b":{}}
,"/home/master/projects/docapireact/frontend/src/app/providers/ThemeProvider/lib/ThemeContext.ts": {"path":"/home/master/projects/docapireact/frontend/src/app/providers/ThemeProvider/lib/ThemeContext.ts","statementMap":{"0":{"start":{"line":1,"column":0},"end":{"line":1,"column":36}},"1":{"start":{"line":3,"column":0},"end":{"line":3,"column":null}},"2":{"start":{"line":4,"column":4},"end":{"line":4,"column":null}},"3":{"start":{"line":5,"column":4},"end":{"line":5,"column":null}},"4":{"start":{"line":13,"column":13},"end":{"line":13,"column":null}},"5":{"start":{"line":15,"column":13},"end":{"line":15,"column":47}}},"fnMap":{"0":{"name":"(anonymous_0)","decl":{"start":{"line":3,"column":0},"end":{"line":3,"column":12}},"loc":{"start":{"line":3,"column":17},"end":{"line":6,"column":1}}}},"branchMap":{"0":{"loc":{"start":{"line":3,"column":12},"end":{"line":3,"column":null}},"type":"binary-expr","locations":[{"start":{"line":3,"column":12},"end":{"line":3,"column":17}},{"start":{"line":3,"column":17},"end":{"line":3,"column":null}}]}},"s":{"0":1,"1":1,"2":1,"3":1,"4":1,"5":1},"f":{"0":1},"b":{"0":[1,1]}}
,"/home/master/projects/docapireact/frontend/src/app/providers/ThemeProvider/lib/UseTheme.ts": {"path":"/home/master/projects/docapireact/frontend/src/app/providers/ThemeProvider/lib/UseTheme.ts","statementMap":{"0":{"start":{"line":9,"column":0},"end":{"line":9,"column":16}},"1":{"start":{"line":1,"column":0},"end":{"line":1,"column":35}},"2":{"start":{"line":2,"column":0},"end":{"line":2,"column":83}},"3":{"start":{"line":10,"column":30},"end":{"line":10,"column":54}},"4":{"start":{"line":10,"column":16},"end":{"line":10,"column":18}},"5":{"start":{"line":10,"column":26},"end":{"line":10,"column":30}},"6":{"start":{"line":12,"column":24},"end":{"line":16,"column":5}},"7":{"start":{"line":13,"column":25},"end":{"line":13,"column":72}},"8":{"start":{"line":14,"column":8},"end":{"line":14,"column":27}},"9":{"start":{"line":15,"column":8},"end":{"line":15,"column":64}},"10":{"start":{"line":17,"column":4},"end":{"line":20,"column":null}}},"fnMap":{"0":{"name":"useTheme","decl":{"start":{"line":9,"column":16},"end":{"line":9,"column":24}},"loc":{"start":{"line":9,"column":24},"end":{"line":21,"column":1}}},"1":{"name":"(anonymous_1)","decl":{"start":{"line":12,"column":24},"end":{"line":12,"column":null}},"loc":{"start":{"line":12,"column":24},"end":{"line":16,"column":5}}}},"branchMap":{"0":{"loc":{"start":{"line":13,"column":25},"end":{"line":13,"column":72}},"type":"cond-expr","locations":[{"start":{"line":13,"column":48},"end":{"line":13,"column":59}},{"start":{"line":13,"column":62},"end":{"line":13,"column":72}}]}},"s":{"0":1,"1":1,"2":1,"3":3,"4":3,"5":3,"6":3,"7":0,"8":0,"9":0,"10":3},"f":{"0":3,"1":0},"b":{"0":[0,0]}}
,"/home/master/projects/docapireact/frontend/src/app/providers/ThemeProvider/ui/ThemeProvider.tsx": {"path":"/home/master/projects/docapireact/frontend/src/app/providers/ThemeProvider/ui/ThemeProvider.tsx","statementMap":{"0":{"start":{"line":1,"column":0},"end":{"line":1,"column":57}},"1":{"start":{"line":2,"column":0},"end":{"line":2,"column":82}},"2":{"start":{"line":4,"column":21},"end":{"line":4,"column":90}},"3":{"start":{"line":10,"column":46},"end":{"line":23,"column":1}},"4":{"start":{"line":10,"column":56},"end":{"line":10,"column":57}},"5":{"start":{"line":11,"column":30},"end":{"line":11,"column":59}},"6":{"start":{"line":11,"column":16},"end":{"line":11,"column":18}},"7":{"start":{"line":11,"column":26},"end":{"line":11,"column":30}},"8":{"start":{"line":13,"column":25},"end":{"line":16,"column":17}},"9":{"start":{"line":13,"column":38},"end":{"line":16,"column":9}},"10":{"start":{"line":18,"column":4},"end":{"line":22,"column":null}},"11":{"start":{"line":25,"column":0},"end":{"line":25,"column":null}}},"fnMap":{"0":{"name":"(anonymous_0)","decl":{"start":{"line":10,"column":46},"end":{"line":10,"column":47}},"loc":{"start":{"line":10,"column":57},"end":{"line":23,"column":1}}},"1":{"name":"(anonymous_1)","decl":{"start":{"line":13,"column":33},"end":{"line":13,"column":38}},"loc":{"start":{"line":13,"column":33},"end":{"line":13,"column":39}}}},"branchMap":{"0":{"loc":{"start":{"line":4,"column":21},"end":{"line":4,"column":90}},"type":"binary-expr","locations":[{"start":{"line":4,"column":21},"end":{"line":4,"column":75}},{"start":{"line":4,"column":79},"end":{"line":4,"column":90}}]}},"s":{"0":1,"1":1,"2":1,"3":1,"4":0,"5":0,"6":0,"7":0,"8":0,"9":0,"10":0,"11":1},"f":{"0":0,"1":0},"b":{"0":[1,1]}}
,"/home/master/projects/docapireact/frontend/src/shared/config/i18n/i18nForTests.ts": {"path":"/home/master/projects/docapireact/frontend/src/shared/config/i18n/i18nForTests.ts","statementMap":{"0":{"start":{"line":1,"column":0},"end":{"line":1,"column":27}},"1":{"start":{"line":2,"column":0},"end":{"line":2,"column":49}},"2":{"start":{"line":4,"column":0},"end":{"line":15,"column":7}},"3":{"start":{"line":17,"column":0},"end":{"line":17,"column":20}}},"fnMap":{},"branchMap":{},"s":{"0":1,"1":1,"2":1,"3":1},"f":{},"b":{}}
,"/home/master/projects/docapireact/frontend/src/shared/lib/classNames/classNames.ts": {"path":"/home/master/projects/docapireact/frontend/src/shared/lib/classNames/classNames.ts","statementMap":{"0":{"start":{"line":3,"column":0},"end":{"line":3,"column":16}},"1":{"start":{"line":8,"column":4},"end":{"line":14,"column":16}},"2":{"start":{"line":12,"column":29},"end":{"line":12,"column":30}},"3":{"start":{"line":12,"column":35},"end":{"line":12,"column":50}},"4":{"start":{"line":13,"column":28},"end":{"line":13,"column":29}},"5":{"start":{"line":13,"column":35},"end":{"line":13,"column":45}}},"fnMap":{"0":{"name":"classNames","decl":{"start":{"line":3,"column":16},"end":{"line":3,"column":26}},"loc":{"start":{"line":6,"column":25},"end":{"line":15,"column":1}}},"1":{"name":"(anonymous_2)","decl":{"start":{"line":12,"column":20},"end":{"line":12,"column":21}},"loc":{"start":{"line":12,"column":30},"end":{"line":12,"column":42}}},"2":{"name":"(anonymous_3)","decl":{"start":{"line":13,"column":17},"end":{"line":13,"column":18}},"loc":{"start":{"line":13,"column":29},"end":{"line":13,"column":44}}}},"branchMap":{},"s":{"0":3,"1":25,"2":9,"3":9,"4":5,"5":5},"f":{"0":25,"1":9,"2":5},"b":{}}
,"/home/master/projects/docapireact/frontend/src/shared/lib/tests/renderWithTranslation/renderWithTranslation.tsx": {"path":"/home/master/projects/docapireact/frontend/src/shared/lib/tests/renderWithTranslation/renderWithTranslation.tsx","statementMap":{"0":{"start":{"line":6,"column":0},"end":{"line":6,"column":16}},"1":{"start":{"line":1,"column":0},"end":{"line":1,"column":48}},"2":{"start":{"line":3,"column":0},"end":{"line":3,"column":48}},"3":{"start":{"line":4,"column":0},"end":{"line":4,"column":57}},"4":{"start":{"line":7,"column":4},"end":{"line":11,"column":null}}},"fnMap":{"0":{"name":"renderWithTranslation","decl":{"start":{"line":6,"column":16},"end":{"line":6,"column":37}},"loc":{"start":{"line":6,"column":58},"end":{"line":12,"column":1}}}},"branchMap":{},"s":{"0":1,"1":1,"2":1,"3":1,"4":2},"f":{"0":2},"b":{}}
,"/home/master/projects/docapireact/frontend/src/shared/ui/Button/index.ts": {"path":"/home/master/projects/docapireact/frontend/src/shared/ui/Button/index.ts","statementMap":{"0":{"start":{"line":1,"column":0},"end":{"line":1,"column":7}},"1":{"start":{"line":5,"column":4},"end":{"line":1,"column":33}},"2":{"start":{"line":2,"column":0},"end":{"line":2,"column":8}},"3":{"start":{"line":6,"column":4},"end":{"line":2,"column":40}}},"fnMap":{"0":{"name":"(anonymous_1)","decl":{"start":{"line":6,"column":4},"end":{"line":6,"column":15}},"loc":{"start":{"line":6,"column":4},"end":{"line":2,"column":40}}}},"branchMap":{},"s":{"0":2,"1":2,"2":2,"3":6},"f":{"0":4},"b":{}}
,"/home/master/projects/docapireact/frontend/src/shared/ui/Button/ui/Button.tsx": {"path":"/home/master/projects/docapireact/frontend/src/shared/ui/Button/ui/Button.tsx","statementMap":{"0":{"start":{"line":2,"column":0},"end":{"line":2,"column":61}},"1":{"start":{"line":3,"column":0},"end":{"line":3,"column":43}},"2":{"start":{"line":5,"column":0},"end":{"line":5,"column":null}},"3":{"start":{"line":6,"column":4},"end":{"line":6,"column":null}},"4":{"start":{"line":7,"column":4},"end":{"line":7,"column":null}},"5":{"start":{"line":16,"column":32},"end":{"line":34,"column":1}},"6":{"start":{"line":23,"column":8},"end":{"line":23,"column":null}},"7":{"start":{"line":22,"column":21},"end":{"line":23,"column":8}},"8":{"start":{"line":25,"column":4},"end":{"line":33,"column":null}},"9":{"start":{"line":36,"column":0},"end":{"line":36,"column":22}}},"fnMap":{"0":{"name":"(anonymous_12)","decl":{"start":{"line":5,"column":0},"end":{"line":5,"column":12}},"loc":{"start":{"line":5,"column":23},"end":{"line":8,"column":1}}},"1":{"name":"(anonymous_13)","decl":{"start":{"line":16,"column":32},"end":{"line":16,"column":33}},"loc":{"start":{"line":16,"column":38},"end":{"line":34,"column":1}}}},"branchMap":{"0":{"loc":{"start":{"line":5,"column":12},"end":{"line":5,"column":null}},"type":"binary-expr","locations":[{"start":{"line":5,"column":12},"end":{"line":5,"column":23}},{"start":{"line":5,"column":23},"end":{"line":5,"column":null}}]}},"s":{"0":2,"1":2,"2":2,"3":2,"4":2,"5":2,"6":33,"7":11,"8":11,"9":2},"f":{"0":2,"1":11},"b":{"0":[2,2]}}
,"/home/master/projects/docapireact/frontend/src/shared/ui/LangSwitcher/index.ts": {"path":"/home/master/projects/docapireact/frontend/src/shared/ui/LangSwitcher/index.ts","statementMap":{"0":{"start":{"line":1,"column":0},"end":{"line":1,"column":7}},"1":{"start":{"line":4,"column":4},"end":{"line":1,"column":45}}},"fnMap":{},"branchMap":{},"s":{"0":1,"1":1},"f":{},"b":{}}
,"/home/master/projects/docapireact/frontend/src/shared/ui/LangSwitcher/ui/LangSwitcher.tsx": {"path":"/home/master/projects/docapireact/frontend/src/shared/ui/LangSwitcher/ui/LangSwitcher.tsx","statementMap":{"0":{"start":{"line":2,"column":0},"end":{"line":2,"column":50}},"1":{"start":{"line":3,"column":0},"end":{"line":3,"column":42}},"2":{"start":{"line":4,"column":0},"end":{"line":4,"column":57}},"3":{"start":{"line":5,"column":0},"end":{"line":5,"column":47}},"4":{"start":{"line":6,"column":0},"end":{"line":6,"column":62}},"5":{"start":{"line":12,"column":44},"end":{"line":29,"column":1}},"6":{"start":{"line":12,"column":55},"end":{"line":12,"column":56}},"7":{"start":{"line":13,"column":21},"end":{"line":13,"column":38}},"8":{"start":{"line":15,"column":17},"end":{"line":15,"column":53}},"9":{"start":{"line":17,"column":23},"end":{"line":19,"column":null}},"10":{"start":{"line":18,"column":8},"end":{"line":18,"column":null}},"11":{"start":{"line":20,"column":4},"end":{"line":28,"column":null}},"12":{"start":{"line":31,"column":0},"end":{"line":31,"column":28}}},"fnMap":{"0":{"name":"(anonymous_22)","decl":{"start":{"line":12,"column":44},"end":{"line":12,"column":45}},"loc":{"start":{"line":12,"column":56},"end":{"line":29,"column":1}}},"1":{"name":"(anonymous_23)","decl":{"start":{"line":17,"column":23},"end":{"line":17,"column":null}},"loc":{"start":{"line":17,"column":23},"end":{"line":19,"column":null}}}},"branchMap":{"0":{"loc":{"start":{"line":15,"column":17},"end":{"line":15,"column":53}},"type":"cond-expr","locations":[{"start":{"line":15,"column":42},"end":{"line":15,"column":46}},{"start":{"line":15,"column":49},"end":{"line":15,"column":53}}]}},"s":{"0":1,"1":1,"2":1,"3":1,"4":1,"5":1,"6":4,"7":4,"8":4,"9":4,"10":0,"11":4,"12":1},"f":{"0":4,"1":0},"b":{"0":[0,4]}}
,"/home/master/projects/docapireact/frontend/src/shared/ui/ThemeSwitcher/index.ts": {"path":"/home/master/projects/docapireact/frontend/src/shared/ui/ThemeSwitcher/index.ts","statementMap":{"0":{"start":{"line":1,"column":0},"end":{"line":1,"column":8}},"1":{"start":{"line":1,"column":8},"end":{"line":1,"column":48}}},"fnMap":{"0":{"name":"(anonymous_0)","decl":{"start":{"line":1,"column":8},"end":{"line":1,"column":21}},"loc":{"start":{"line":1,"column":8},"end":{"line":1,"column":48}}}},"branchMap":{},"s":{"0":1,"1":4},"f":{"0":3},"b":{}}
,"/home/master/projects/docapireact/frontend/src/shared/ui/ThemeSwitcher/ui/ThemeSwitcher.tsx": {"path":"/home/master/projects/docapireact/frontend/src/shared/ui/ThemeSwitcher/ui/ThemeSwitcher.tsx","statementMap":{"0":{"start":{"line":2,"column":0},"end":{"line":2,"column":61}},"1":{"start":{"line":3,"column":0},"end":{"line":3,"column":50}},"2":{"start":{"line":4,"column":0},"end":{"line":4,"column":61}},"3":{"start":{"line":5,"column":0},"end":{"line":5,"column":64}},"4":{"start":{"line":6,"column":0},"end":{"line":6,"column":62}},"5":{"start":{"line":7,"column":0},"end":{"line":7,"column":54}},"6":{"start":{"line":13,"column":53},"end":{"line":26,"column":1}},"7":{"start":{"line":13,"column":65},"end":{"line":13,"column":66}},"8":{"start":{"line":15,"column":33},"end":{"line":15,"column":43}},"9":{"start":{"line":15,"column":16},"end":{"line":15,"column":18}},"10":{"start":{"line":15,"column":29},"end":{"line":15,"column":33}},"11":{"start":{"line":17,"column":4},"end":{"line":25,"column":null}},"12":{"start":{"line":13,"column":13},"end":{"line":13,"column":53}}},"fnMap":{"0":{"name":"(anonymous_10)","decl":{"start":{"line":13,"column":53},"end":{"line":13,"column":54}},"loc":{"start":{"line":13,"column":66},"end":{"line":26,"column":1}}}},"branchMap":{"0":{"loc":{"start":{"line":23,"column":14},"end":{"line":23,"column":72}},"type":"cond-expr","locations":[{"start":{"line":23,"column":36},"end":{"line":23,"column":53}},{"start":{"line":23,"column":56},"end":{"line":23,"column":72}}]}},"s":{"0":1,"1":1,"2":1,"3":1,"4":1,"5":1,"6":1,"7":3,"8":3,"9":3,"10":3,"11":3,"12":1},"f":{"0":3},"b":{"0":[0,3]}}
,"/home/master/projects/docapireact/frontend/src/widgets/Sidbar/ui/Sidebar/Sidebar.tsx": {"path":"/home/master/projects/docapireact/frontend/src/widgets/Sidbar/ui/Sidebar/Sidebar.tsx","statementMap":{"0":{"start":{"line":1,"column":0},"end":{"line":1,"column":62}},"1":{"start":{"line":2,"column":0},"end":{"line":2,"column":45}},"2":{"start":{"line":3,"column":0},"end":{"line":3,"column":33}},"3":{"start":{"line":4,"column":0},"end":{"line":4,"column":56}},"4":{"start":{"line":5,"column":0},"end":{"line":5,"column":54}},"5":{"start":{"line":6,"column":0},"end":{"line":6,"column":42}},"6":{"start":{"line":13,"column":16},"end":{"line":36,"column":1}},"7":{"start":{"line":13,"column":27},"end":{"line":13,"column":42}},"8":{"start":{"line":15,"column":38},"end":{"line":15,"column":53}},"9":{"start":{"line":15,"column":20},"end":{"line":15,"column":22}},"10":{"start":{"line":15,"column":34},"end":{"line":15,"column":38}},"11":{"start":{"line":17,"column":21},"end":{"line":19,"column":5}},"12":{"start":{"line":18,"column":8},"end":{"line":18,"column":null}},"13":{"start":{"line":18,"column":29},"end":{"line":18,"column":35}},"14":{"start":{"line":21,"column":4},"end":{"line":35,"column":null}},"15":{"start":{"line":38,"column":0},"end":{"line":38,"column":23}}},"fnMap":{"0":{"name":"(anonymous_9)","decl":{"start":{"line":13,"column":16},"end":{"line":13,"column":17}},"loc":{"start":{"line":13,"column":42},"end":{"line":36,"column":1}}},"1":{"name":"(anonymous_10)","decl":{"start":{"line":17,"column":21},"end":{"line":17,"column":null}},"loc":{"start":{"line":17,"column":21},"end":{"line":19,"column":5}}},"2":{"name":"(anonymous_11)","decl":{"start":{"line":18,"column":21},"end":{"line":18,"column":25}},"loc":{"start":{"line":18,"column":25},"end":{"line":18,"column":30}}}},"branchMap":{},"s":{"0":1,"1":1,"2":1,"3":1,"4":1,"5":1,"6":1,"7":3,"8":3,"9":3,"10":3,"11":3,"12":1,"13":1,"14":3,"15":1},"f":{"0":3,"1":1,"2":1},"b":{}}
}
