{"/home/master/projects/docapireact/frontend/src/shared/lib/classNames.ts": {"path":"/home/master/projects/docapireact/frontend/src/shared/lib/classNames.ts","statementMap":{"0":{"start":{"line":3,"column":0},"end":{"line":3,"column":16}},"1":{"start":{"line":8,"column":4},"end":{"line":14,"column":16}},"2":{"start":{"line":12,"column":29},"end":{"line":12,"column":30}},"3":{"start":{"line":12,"column":35},"end":{"line":12,"column":50}},"4":{"start":{"line":13,"column":28},"end":{"line":13,"column":29}},"5":{"start":{"line":13,"column":35},"end":{"line":13,"column":45}}},"fnMap":{"0":{"name":"classNames","decl":{"start":{"line":3,"column":16},"end":{"line":3,"column":26}},"loc":{"start":{"line":6,"column":25},"end":{"line":15,"column":1}}},"1":{"name":"(anonymous_2)","decl":{"start":{"line":12,"column":20},"end":{"line":12,"column":21}},"loc":{"start":{"line":12,"column":30},"end":{"line":12,"column":42}}},"2":{"name":"(anonymous_3)","decl":{"start":{"line":13,"column":17},"end":{"line":13,"column":18}},"loc":{"start":{"line":13,"column":29},"end":{"line":13,"column":44}}}},"branchMap":{},"s":{"0":1,"1":4,"2":6,"3":6,"4":4,"5":4},"f":{"0":4,"1":6,"2":4},"b":{}}
}
