TN:
SF:config/jest/jestEmptyComponent.tsx
FN:3,(anonymous_0)
FNF:1
FNH:1
FNDA:3,(anonymous_0)
DA:3,1
DA:4,3
DA:7,1
LF:3
LH:3
BRF:0
BRH:0
end_of_record
TN:
SF:src/app/providers/ThemeProvider/index.ts
FN:7,(anonymous_1)
FN:8,(anonymous_2)
FNF:2
FNH:2
FNDA:3,(anonymous_1)
FNDA:3,(anonymous_2)
DA:1,1
DA:2,1
DA:3,1
DA:6,1
DA:7,4
DA:8,4
LF:6
LH:6
BRF:0
BRH:0
end_of_record
TN:
SF:src/app/providers/ThemeProvider/lib/ThemeContext.ts
FN:3,(anonymous_0)
FNF:1
FNH:1
FNDA:1,(anonymous_0)
DA:1,1
DA:3,1
DA:4,1
DA:5,1
DA:13,1
DA:15,1
LF:6
LH:6
BRDA:3,0,0,1
BRDA:3,0,1,1
BRF:2
BRH:2
end_of_record
TN:
SF:src/app/providers/ThemeProvider/lib/UseTheme.ts
FN:9,useTheme
FN:12,(anonymous_1)
FNF:2
FNH:1
FNDA:3,useTheme
FNDA:0,(anonymous_1)
DA:1,1
DA:2,1
DA:9,1
DA:10,3
DA:12,3
DA:13,0
DA:14,0
DA:15,0
DA:17,3
LF:9
LH:6
BRDA:13,0,0,0
BRDA:13,0,1,0
BRF:2
BRH:0
end_of_record
TN:
SF:src/app/providers/ThemeProvider/ui/ThemeProvider.tsx
FN:10,(anonymous_0)
FN:13,(anonymous_1)
FNF:2
FNH:0
FNDA:0,(anonymous_0)
FNDA:0,(anonymous_1)
DA:1,1
DA:2,1
DA:4,1
DA:10,1
DA:11,0
DA:13,0
DA:18,0
DA:25,1
LF:8
LH:5
BRDA:4,0,0,1
BRDA:4,0,1,1
BRF:2
BRH:2
end_of_record
TN:
SF:src/shared/config/i18n/i18nForTests.ts
FNF:0
FNH:0
DA:1,1
DA:2,1
DA:4,1
DA:17,1
LF:4
LH:4
BRF:0
BRH:0
end_of_record
TN:
SF:src/shared/lib/classNames/classNames.ts
FN:3,classNames
FN:12,(anonymous_2)
FN:13,(anonymous_3)
FNF:3
FNH:3
FNDA:25,classNames
FNDA:9,(anonymous_2)
FNDA:5,(anonymous_3)
DA:3,3
DA:8,25
DA:12,9
DA:13,5
LF:4
LH:4
BRF:0
BRH:0
end_of_record
TN:
SF:src/shared/lib/tests/renderWithTranslation/renderWithTranslation.tsx
FN:6,renderWithTranslation
FNF:1
FNH:1
FNDA:2,renderWithTranslation
DA:1,1
DA:3,1
DA:4,1
DA:6,1
DA:7,2
LF:5
LH:5
BRF:0
BRH:0
end_of_record
TN:
SF:src/shared/ui/Button/index.ts
FN:6,(anonymous_1)
FNF:1
FNH:1
FNDA:4,(anonymous_1)
DA:1,2
DA:2,2
DA:5,2
DA:6,6
LF:4
LH:4
BRF:0
BRH:0
end_of_record
TN:
SF:src/shared/ui/Button/ui/Button.tsx
FN:5,(anonymous_12)
FN:16,(anonymous_13)
FNF:2
FNH:2
FNDA:2,(anonymous_12)
FNDA:11,(anonymous_13)
DA:2,2
DA:3,2
DA:5,2
DA:6,2
DA:7,2
DA:16,2
DA:22,11
DA:23,33
DA:25,11
DA:36,2
LF:10
LH:10
BRDA:5,0,0,2
BRDA:5,0,1,2
BRF:2
BRH:2
end_of_record
TN:
SF:src/shared/ui/LangSwitcher/index.ts
FNF:0
FNH:0
DA:1,1
DA:4,1
LF:2
LH:2
BRF:0
BRH:0
end_of_record
TN:
SF:src/shared/ui/LangSwitcher/ui/LangSwitcher.tsx
FN:12,(anonymous_22)
FN:17,(anonymous_23)
FNF:2
FNH:1
FNDA:4,(anonymous_22)
FNDA:0,(anonymous_23)
DA:2,1
DA:3,1
DA:4,1
DA:5,1
DA:6,1
DA:12,4
DA:13,4
DA:15,4
DA:17,4
DA:18,0
DA:20,4
DA:31,1
LF:12
LH:11
BRDA:15,0,0,0
BRDA:15,0,1,4
BRF:2
BRH:1
end_of_record
TN:
SF:src/shared/ui/ThemeSwitcher/index.ts
FN:1,(anonymous_0)
FNF:1
FNH:1
FNDA:3,(anonymous_0)
DA:1,4
LF:1
LH:1
BRF:0
BRH:0
end_of_record
TN:
SF:src/shared/ui/ThemeSwitcher/ui/ThemeSwitcher.tsx
FN:13,(anonymous_10)
FNF:1
FNH:1
FNDA:3,(anonymous_10)
DA:2,1
DA:3,1
DA:4,1
DA:5,1
DA:6,1
DA:7,1
DA:13,3
DA:15,3
DA:17,3
LF:9
LH:9
BRDA:23,0,0,0
BRDA:23,0,1,3
BRF:2
BRH:1
end_of_record
TN:
SF:src/widgets/Sidbar/ui/Sidebar/Sidebar.tsx
FN:13,(anonymous_9)
FN:17,(anonymous_10)
FN:18,(anonymous_11)
FNF:3
FNH:3
FNDA:3,(anonymous_9)
FNDA:1,(anonymous_10)
FNDA:1,(anonymous_11)
DA:1,1
DA:2,1
DA:3,1
DA:4,1
DA:5,1
DA:6,1
DA:13,3
DA:15,3
DA:17,3
DA:18,1
DA:21,3
DA:38,1
LF:12
LH:12
BRF:0
BRH:0
end_of_record
